Arguments: 
  /usr/local/bin/node /usr/local/bin/yarn install

PATH: 
  /usr/local/bin:/usr/bin:/bin:/usr/sbin:/sbin:/usr/local/go/bin:/usr/local/share/dotnet:~/.dotnet/tools:/Library/Apple/usr/bin:/Library/Frameworks/Mono.framework/Versions/Current/Commands:/Users/kdnotes/flutter/bin:/Users/kdnotes/Library/Android/sdk/emulator:/Users/kdnotes/Library/Android/sdk/tools:/Users/kdnotes/Library/Android/sdk/tools/bin:/Users/kdnotes/flutter/bin:/Users/kdnotes/Library/Android/sdk/platform-tools:/Applications/Visual Studio Code.app/Contents/Resources/app/bin

Yarn version: 
  1.22.4

Node version: 
  12.16.1

Platform: 
  darwin x64

Trace: 
  Error: connect ENETUNREACH 104.16.22.35:443 - Local (0.0.0.0:62547)
      at internalConnect (net.js:917:16)
      at defaultTriggerAsyncIdScope (internal/async_hooks.js:311:12)
      at emitLookup (net.js:1059:9)
      at /usr/local/lib/node_modules/yarn/lib/cli.js:107523:28
      at /usr/local/lib/node_modules/yarn/lib/cli.js:107432:13
      at RawTask.module.exports.RawTask.call (/usr/local/lib/node_modules/yarn/lib/cli.js:83613:19)
      at flush (/usr/local/lib/node_modules/yarn/lib/cli.js:83695:29)
      at processTicksAndRejections (internal/process/task_queues.js:79:11)

npm manifest: 
  {
    "main": "node_modules/expo/AppEntry.js",
    "scripts": {
      "start": "expo start",
      "android": "expo start --android",
      "ios": "expo start --ios",
      "web": "expo start --web",
      "eject": "expo eject"
    },
    "dependencies": {
      "@react-native-community/masked-view": "0.1.10",
      "@react-navigation/native": "^5.6.1",
      "@react-navigation/stack": "^5.6.2",
      "expo": "~38.0.8",
      "expo-status-bar": "^1.0.2",
      "react": "~16.11.0",
      "react-dom": "~16.11.0",
      "react-native": "https://github.com/expo/react-native/archive/sdk-38.0.2.tar.gz",
      "react-native-app-intro-slider": "^4.0.4",
      "react-native-custom-qr-codes-expo": "^2.2.0",
      "react-native-gesture-handler": "~1.6.0",
      "react-native-qrcode": "^0.2.7",
      "react-native-reanimated": "~1.9.0",
      "react-native-safe-area-context": "~3.0.7",
      "react-native-screens": "~2.9.0",
      "react-native-web": "~0.11.7",
      "react-native-webview": "9.4.0",
      "styled-components": "^5.1.1"
    },
    "devDependencies": {
      "@babel/core": "^7.8.6",
      "babel-preset-expo": "~8.1.0"
    },
    "private": true
  }

yarn manifest: 
  No manifest

Lockfile: 
  No lockfile
